<?xml version="1.0" encoding="UTF-8"?>
<testng-results skipped="17" failed="0" total="17" passed="0">
  <reporter-output>
  </reporter-output>
  <suite name="Default suite" duration-ms="28617" started-at="2021-02-18T09:01:35Z" finished-at="2021-02-18T09:02:04Z">
    <groups>
    </groups>
    <test name="Default test" duration-ms="28617" started-at="2021-02-18T09:01:35Z" finished-at="2021-02-18T09:02:04Z">
      <class name="com.wipro.L2POM.testCases.LoginTest">
        <test-method status="SKIP" signature="validateLogin(java.lang.String, java.lang.String)[pri:0, instance:com.wipro.L2POM.testCases.LoginTest@343f4d3d]" name="validateLogin" duration-ms="8" started-at="2021-02-18T14:32:04Z" data-provider="loginCredentials" finished-at="2021-02-18T14:32:04Z">
          <params>
            <param index="0">
              <value>
                <![CDATA[xyz@gmail.com]]>
              </value>
            </param>
            <param index="1">
              <value>
                <![CDATA[123456789]]>
              </value>
            </param>
          </params>
          <reporter-output>
          </reporter-output>
        </test-method> <!-- validateLogin -->
        <test-method status="SKIP" signature="validateLogout(java.lang.String, java.lang.String)[pri:0, instance:com.wipro.L2POM.testCases.LoginTest@343f4d3d]" name="validateLogout" duration-ms="8" started-at="2021-02-18T14:32:04Z" data-provider="loginCredentials" finished-at="2021-02-18T14:32:04Z">
          <params>
            <param index="0">
              <value>
                <![CDATA[apple@banana.com]]>
              </value>
            </param>
            <param index="1">
              <value>
                <![CDATA[applebanana@12]]>
              </value>
            </param>
          </params>
          <reporter-output>
          </reporter-output>
        </test-method> <!-- validateLogout -->
        <test-method status="SKIP" signature="validateLogin(java.lang.String, java.lang.String)[pri:0, instance:com.wipro.L2POM.testCases.LoginTest@343f4d3d]" name="validateLogin" duration-ms="0" started-at="2021-02-18T14:32:04Z" data-provider="loginCredentials" finished-at="2021-02-18T14:32:04Z">
          <params>
            <param index="0">
              <value>
                <![CDATA[sri@gmail.com]]>
              </value>
            </param>
            <param index="1">
              <value>
                <![CDATA[989889]]>
              </value>
            </param>
          </params>
          <reporter-output>
          </reporter-output>
        </test-method> <!-- validateLogin -->
      </class> <!-- com.wipro.L2POM.testCases.LoginTest -->
      <class name="com.wipro.L2POM.testCases.AdditionalImageTest">
        <test-method status="PASS" signature="setup()[pri:0, instance:com.wipro.L2POM.testCases.AdditionalImageTest@1e88b3c]" name="setup" is-config="true" duration-ms="8550" started-at="2021-02-18T14:31:35Z" finished-at="2021-02-18T14:31:44Z">
          <reporter-output>
          </reporter-output>
        </test-method> <!-- setup -->
        <test-method status="PASS" signature="setup()[pri:0, instance:com.wipro.L2POM.testCases.CategoryTest@5442a311]" name="setup" is-config="true" duration-ms="4478" started-at="2021-02-18T14:31:44Z" finished-at="2021-02-18T14:31:48Z">
          <reporter-output>
          </reporter-output>
        </test-method> <!-- setup -->
        <test-method status="PASS" signature="setup()[pri:0, instance:com.wipro.L2POM.testCases.E2ETest@53b32d7]" name="setup" is-config="true" duration-ms="4748" started-at="2021-02-18T14:31:48Z" finished-at="2021-02-18T14:31:53Z">
          <reporter-output>
          </reporter-output>
        </test-method> <!-- setup -->
        <test-method status="PASS" signature="setup()[pri:0, instance:com.wipro.L2POM.testCases.EditInformationTest@77cd7a0]" name="setup" is-config="true" duration-ms="5344" started-at="2021-02-18T14:31:53Z" finished-at="2021-02-18T14:31:58Z">
          <reporter-output>
          </reporter-output>
        </test-method> <!-- setup -->
        <test-method status="FAIL" signature="setup()[pri:0, instance:com.wipro.L2POM.testCases.EmptyCartTest@754ba872]" name="setup" is-config="true" duration-ms="0" started-at="2021-02-18T14:31:58Z" finished-at="2021-02-18T14:31:58Z">
          <exception class="org.openqa.selenium.WebDriverException">
            <message>
              <![CDATA[unknown error: cannot determine loading status
from disconnected: received Inspector.detached event
  (Session info: MicrosoftEdge=88.0.705.68)
Build info: version: '3.141.59', revision: 'e82be7d358', time: '2018-11-14T08:17:03'
System info: host: 'APL-GD2G763', ip: '10.218.40.207', os.name: 'Windows 10', os.arch: 'amd64', os.version: '10.0', java.version: '1.8.0_281'
Driver info: org.openqa.selenium.edge.EdgeDriver
Capabilities {acceptInsecureCerts: false, browserName: msedge, browserVersion: 88.0.705.68, javascriptEnabled: true, ms:edgeOptions: {debuggerAddress: localhost:55621}, msedge: {msedgedriverVersion: 88.0.705.56 (0ede197168de54..., userDataDir: C:\Users\SH4006~1\AppData\L...}, networkConnectionEnabled: false, pageLoadStrategy: normal, platform: WINDOWS, platformName: WINDOWS, proxy: Proxy(), setWindowRect: true, strictFileInteractability: false, timeouts: {implicit: 0, pageLoad: 300000, script: 30000}, unhandledPromptBehavior: dismiss and notify, webauthn:extension:largeBlob: true, webauthn:virtualAuthenticators: true}
Session ID: c7d3951237fdea06e78533a1382067f7]]>
            </message>
            <full-stacktrace>
              <![CDATA[org.openqa.selenium.WebDriverException: unknown error: cannot determine loading status
from disconnected: received Inspector.detached event
  (Session info: MicrosoftEdge=88.0.705.68)
Build info: version: '3.141.59', revision: 'e82be7d358', time: '2018-11-14T08:17:03'
System info: host: 'APL-GD2G763', ip: '10.218.40.207', os.name: 'Windows 10', os.arch: 'amd64', os.version: '10.0', java.version: '1.8.0_281'
Driver info: org.openqa.selenium.edge.EdgeDriver
Capabilities {acceptInsecureCerts: false, browserName: msedge, browserVersion: 88.0.705.68, javascriptEnabled: true, ms:edgeOptions: {debuggerAddress: localhost:55621}, msedge: {msedgedriverVersion: 88.0.705.56 (0ede197168de54..., userDataDir: C:\Users\SH4006~1\AppData\L...}, networkConnectionEnabled: false, pageLoadStrategy: normal, platform: WINDOWS, platformName: WINDOWS, proxy: Proxy(), setWindowRect: true, strictFileInteractability: false, timeouts: {implicit: 0, pageLoad: 300000, script: 30000}, unhandledPromptBehavior: dismiss and notify, webauthn:extension:largeBlob: true, webauthn:virtualAuthenticators: true}
Session ID: c7d3951237fdea06e78533a1382067f7
	at sun.reflect.NativeConstructorAccessorImpl.newInstance0(Native Method)
	at sun.reflect.NativeConstructorAccessorImpl.newInstance(Unknown Source)
	at sun.reflect.DelegatingConstructorAccessorImpl.newInstance(Unknown Source)
	at java.lang.reflect.Constructor.newInstance(Unknown Source)
	at org.openqa.selenium.remote.http.W3CHttpResponseCodec.createException(W3CHttpResponseCodec.java:187)
	at org.openqa.selenium.remote.http.W3CHttpResponseCodec.decode(W3CHttpResponseCodec.java:122)
	at org.openqa.selenium.remote.http.W3CHttpResponseCodec.decode(W3CHttpResponseCodec.java:49)
	at org.openqa.selenium.remote.HttpCommandExecutor.execute(HttpCommandExecutor.java:158)
	at org.openqa.selenium.remote.service.DriverCommandExecutor.execute(DriverCommandExecutor.java:83)
	at org.openqa.selenium.remote.RemoteWebDriver.execute(RemoteWebDriver.java:552)
	at org.openqa.selenium.remote.RemoteWebDriver.get(RemoteWebDriver.java:277)
	at com.wipro.L2POM.testCases.EmptyCartTest.setup(EmptyCartTest.java:34)
	at sun.reflect.NativeMethodAccessorImpl.invoke0(Native Method)
	at sun.reflect.NativeMethodAccessorImpl.invoke(Unknown Source)
	at sun.reflect.DelegatingMethodAccessorImpl.invoke(Unknown Source)
	at java.lang.reflect.Method.invoke(Unknown Source)
	at org.testng.internal.MethodInvocationHelper.invokeMethod(MethodInvocationHelper.java:80)
	at org.testng.internal.Invoker.invokeConfigurationMethod(Invoker.java:564)
	at org.testng.internal.Invoker.invokeConfigurations(Invoker.java:213)
	at org.testng.internal.Invoker.invokeConfigurations(Invoker.java:138)
	at org.testng.TestRunner.beforeRun(TestRunner.java:641)
	at org.testng.TestRunner.run(TestRunner.java:609)
	at org.testng.SuiteRunner.runTest(SuiteRunner.java:334)
	at org.testng.SuiteRunner.runSequentially(SuiteRunner.java:329)
	at org.testng.SuiteRunner.privateRun(SuiteRunner.java:291)
	at org.testng.SuiteRunner.run(SuiteRunner.java:240)
	at org.testng.SuiteRunnerWorker.runSuite(SuiteRunnerWorker.java:52)
	at org.testng.SuiteRunnerWorker.run(SuiteRunnerWorker.java:86)
	at org.testng.TestNG.runSuitesSequentially(TestNG.java:1198)
	at org.testng.TestNG.runSuitesLocally(TestNG.java:1123)
	at org.testng.TestNG.run(TestNG.java:1031)
	at org.testng.remote.AbstractRemoteTestNG.run(AbstractRemoteTestNG.java:114)
	at org.testng.remote.RemoteTestNG.initAndRun(RemoteTestNG.java:251)
	at org.testng.remote.RemoteTestNG.main(RemoteTestNG.java:77)
]]>
            </full-stacktrace>
          </exception> <!-- org.openqa.selenium.WebDriverException -->
          <reporter-output>
          </reporter-output>
        </test-method> <!-- setup -->
        <test-method status="SKIP" signature="setup()[pri:0, instance:com.wipro.L2POM.testCases.RemoveProductTest@548e7350]" name="setup" is-config="true" duration-ms="0" started-at="2021-02-18T14:32:04Z" finished-at="2021-02-18T14:32:04Z">
          <reporter-output>
          </reporter-output>
        </test-method> <!-- setup -->
        <test-method status="SKIP" signature="setup()[pri:0, instance:com.wipro.L2POM.testCases.LoginTest@343f4d3d]" name="setup" is-config="true" duration-ms="0" started-at="2021-02-18T14:32:04Z" finished-at="2021-02-18T14:32:04Z">
          <reporter-output>
          </reporter-output>
        </test-method> <!-- setup -->
        <test-method status="SKIP" signature="setup()[pri:0, instance:com.wipro.L2POM.testCases.SortObjectTest@4667ae56]" name="setup" is-config="true" duration-ms="0" started-at="2021-02-18T14:32:04Z" finished-at="2021-02-18T14:32:04Z">
          <reporter-output>
          </reporter-output>
        </test-method> <!-- setup -->
        <test-method status="SKIP" signature="additionalImageTesting()[pri:0, instance:com.wipro.L2POM.testCases.AdditionalImageTest@1e88b3c]" name="additionalImageTesting" duration-ms="0" started-at="2021-02-18T14:32:04Z" finished-at="2021-02-18T14:32:04Z">
          <reporter-output>
          </reporter-output>
        </test-method> <!-- additionalImageTesting -->
        <test-method status="SKIP" signature="tearDown()[pri:0, instance:com.wipro.L2POM.testCases.LoginTest@343f4d3d]" name="tearDown" is-config="true" duration-ms="0" started-at="2021-02-18T14:32:04Z" finished-at="2021-02-18T14:32:04Z">
          <reporter-output>
          </reporter-output>
        </test-method> <!-- tearDown -->
        <test-method status="SKIP" signature="tearDown()[pri:0, instance:com.wipro.L2POM.testCases.EditInformationTest@77cd7a0]" name="tearDown" is-config="true" duration-ms="0" started-at="2021-02-18T14:32:04Z" finished-at="2021-02-18T14:32:04Z">
          <reporter-output>
          </reporter-output>
        </test-method> <!-- tearDown -->
        <test-method status="SKIP" signature="tearDown()[pri:0, instance:com.wipro.L2POM.testCases.AdditionalImageTest@1e88b3c]" name="tearDown" is-config="true" duration-ms="0" started-at="2021-02-18T14:32:04Z" finished-at="2021-02-18T14:32:04Z">
          <reporter-output>
          </reporter-output>
        </test-method> <!-- tearDown -->
        <test-method status="SKIP" signature="tearDown()[pri:0, instance:com.wipro.L2POM.testCases.CategoryTest@5442a311]" name="tearDown" is-config="true" duration-ms="0" started-at="2021-02-18T14:32:04Z" finished-at="2021-02-18T14:32:04Z">
          <reporter-output>
          </reporter-output>
        </test-method> <!-- tearDown -->
        <test-method status="SKIP" signature="tearDown()[pri:0, instance:com.wipro.L2POM.testCases.RemoveProductTest@548e7350]" name="tearDown" is-config="true" duration-ms="0" started-at="2021-02-18T14:32:04Z" finished-at="2021-02-18T14:32:04Z">
          <reporter-output>
          </reporter-output>
        </test-method> <!-- tearDown -->
        <test-method status="SKIP" signature="tearDown()[pri:0, instance:com.wipro.L2POM.testCases.E2ETest@53b32d7]" name="tearDown" is-config="true" duration-ms="0" started-at="2021-02-18T14:32:04Z" finished-at="2021-02-18T14:32:04Z">
          <reporter-output>
          </reporter-output>
        </test-method> <!-- tearDown -->
        <test-method status="SKIP" signature="tearDown()[pri:0, instance:com.wipro.L2POM.testCases.EmptyCartTest@754ba872]" name="tearDown" is-config="true" duration-ms="0" started-at="2021-02-18T14:32:04Z" finished-at="2021-02-18T14:32:04Z">
          <reporter-output>
          </reporter-output>
        </test-method> <!-- tearDown -->
        <test-method status="SKIP" signature="tearDown()[pri:0, instance:com.wipro.L2POM.testCases.SortObjectTest@4667ae56]" name="tearDown" is-config="true" duration-ms="0" started-at="2021-02-18T14:32:04Z" finished-at="2021-02-18T14:32:04Z">
          <reporter-output>
          </reporter-output>
        </test-method> <!-- tearDown -->
      </class> <!-- com.wipro.L2POM.testCases.AdditionalImageTest -->
      <class name="com.wipro.L2POM.testCases.CategoryTest">
        <test-method status="SKIP" signature="shopingTest(java.lang.String)[pri:0, instance:com.wipro.L2POM.testCases.CategoryTest@5442a311]" name="shopingTest" duration-ms="0" started-at="2021-02-18T14:32:04Z" data-provider="dropdown" finished-at="2021-02-18T14:32:04Z">
          <params>
            <param index="0">
              <value>
                <![CDATA[Laptops & Notebooks]]>
              </value>
            </param>
          </params>
          <reporter-output>
          </reporter-output>
        </test-method> <!-- shopingTest -->
        <test-method status="SKIP" signature="shopingTest(java.lang.String)[pri:0, instance:com.wipro.L2POM.testCases.CategoryTest@5442a311]" name="shopingTest" duration-ms="0" started-at="2021-02-18T14:32:04Z" data-provider="dropdown" finished-at="2021-02-18T14:32:04Z">
          <params>
            <param index="0">
              <value>
                <![CDATA[MP3 Players]]>
              </value>
            </param>
          </params>
          <reporter-output>
          </reporter-output>
        </test-method> <!-- shopingTest -->
        <test-method status="SKIP" signature="shopingTest(java.lang.String)[pri:0, instance:com.wipro.L2POM.testCases.CategoryTest@5442a311]" name="shopingTest" duration-ms="0" started-at="2021-02-18T14:32:04Z" data-provider="dropdown" finished-at="2021-02-18T14:32:04Z">
          <params>
            <param index="0">
              <value>
                <![CDATA[      Web Cameras]]>
              </value>
            </param>
          </params>
          <reporter-output>
          </reporter-output>
        </test-method> <!-- shopingTest -->
      </class> <!-- com.wipro.L2POM.testCases.CategoryTest -->
      <class name="com.wipro.L2POM.testCases.EmptyCartTest">
        <test-method status="SKIP" signature="emptyCartTest()[pri:0, instance:com.wipro.L2POM.testCases.EmptyCartTest@754ba872]" name="emptyCartTest" duration-ms="8" started-at="2021-02-18T14:32:04Z" finished-at="2021-02-18T14:32:04Z">
          <reporter-output>
          </reporter-output>
        </test-method> <!-- emptyCartTest -->
      </class> <!-- com.wipro.L2POM.testCases.EmptyCartTest -->
      <class name="com.wipro.L2POM.testCases.SortObjectTest">
        <test-method status="SKIP" signature="shortTest()[pri:0, instance:com.wipro.L2POM.testCases.SortObjectTest@4667ae56]" name="shortTest" duration-ms="0" started-at="2021-02-18T14:32:04Z" finished-at="2021-02-18T14:32:04Z">
          <reporter-output>
          </reporter-output>
        </test-method> <!-- shortTest -->
      </class> <!-- com.wipro.L2POM.testCases.SortObjectTest -->
      <class name="com.wipro.L2POM.testCases.EditInformationTest">
        <test-method status="SKIP" signature="editingMobileTesting()[pri:0, instance:com.wipro.L2POM.testCases.EditInformationTest@77cd7a0]" name="editingMobileTesting" duration-ms="0" started-at="2021-02-18T14:32:04Z" finished-at="2021-02-18T14:32:04Z">
          <reporter-output>
          </reporter-output>
        </test-method> <!-- editingMobileTesting -->
      </class> <!-- com.wipro.L2POM.testCases.EditInformationTest -->
      <class name="com.wipro.L2POM.testCases.E2ETest">
        <test-method status="SKIP" signature="shopingTest(java.lang.String)[pri:0, instance:com.wipro.L2POM.testCases.E2ETest@53b32d7]" name="shopingTest" duration-ms="0" started-at="2021-02-18T14:32:04Z" data-provider="searchedKeywords" finished-at="2021-02-18T14:32:04Z">
          <params>
            <param index="0">
              <value>
                <![CDATA[Sony]]>
              </value>
            </param>
          </params>
          <reporter-output>
          </reporter-output>
        </test-method> <!-- shopingTest -->
        <test-method status="SKIP" signature="shopingTest(java.lang.String)[pri:0, instance:com.wipro.L2POM.testCases.E2ETest@53b32d7]" name="shopingTest" duration-ms="0" started-at="2021-02-18T14:32:04Z" data-provider="searchedKeywords" finished-at="2021-02-18T14:32:04Z">
          <params>
            <param index="0">
              <value>
                <![CDATA[Apple]]>
              </value>
            </param>
          </params>
          <reporter-output>
          </reporter-output>
        </test-method> <!-- shopingTest -->
        <test-method status="SKIP" signature="shopingTest(java.lang.String)[pri:0, instance:com.wipro.L2POM.testCases.E2ETest@53b32d7]" name="shopingTest" duration-ms="0" started-at="2021-02-18T14:32:04Z" data-provider="searchedKeywords" finished-at="2021-02-18T14:32:04Z">
          <params>
            <param index="0">
              <value>
                <![CDATA[Nikon]]>
              </value>
            </param>
          </params>
          <reporter-output>
          </reporter-output>
        </test-method> <!-- shopingTest -->
        <test-method status="SKIP" signature="shopingTest(java.lang.String)[pri:0, instance:com.wipro.L2POM.testCases.E2ETest@53b32d7]" name="shopingTest" duration-ms="0" started-at="2021-02-18T14:32:04Z" data-provider="searchedKeywords" finished-at="2021-02-18T14:32:04Z">
          <params>
            <param index="0">
              <value>
                <![CDATA[Canon]]>
              </value>
            </param>
          </params>
          <reporter-output>
          </reporter-output>
        </test-method> <!-- shopingTest -->
      </class> <!-- com.wipro.L2POM.testCases.E2ETest -->
      <class name="com.wipro.L2POM.testCases.RemoveProductTest">
        <test-method status="SKIP" signature="removeItem(java.lang.String)[pri:0, instance:com.wipro.L2POM.testCases.RemoveProductTest@548e7350]" name="removeItem" duration-ms="8" started-at="2021-02-18T14:32:04Z" data-provider="searchedKeywords" finished-at="2021-02-18T14:32:04Z">
          <params>
            <param index="0">
              <value>
                <![CDATA[Sony]]>
              </value>
            </param>
          </params>
          <reporter-output>
          </reporter-output>
        </test-method> <!-- removeItem -->
        <test-method status="SKIP" signature="removeItem(java.lang.String)[pri:0, instance:com.wipro.L2POM.testCases.RemoveProductTest@548e7350]" name="removeItem" duration-ms="0" started-at="2021-02-18T14:32:04Z" data-provider="searchedKeywords" finished-at="2021-02-18T14:32:04Z">
          <params>
            <param index="0">
              <value>
                <![CDATA[Samsung Galaxy Tab 10.1]]>
              </value>
            </param>
          </params>
          <reporter-output>
          </reporter-output>
        </test-method> <!-- removeItem -->
        <test-method status="SKIP" signature="removeItem(java.lang.String)[pri:0, instance:com.wipro.L2POM.testCases.RemoveProductTest@548e7350]" name="removeItem" duration-ms="0" started-at="2021-02-18T14:32:04Z" data-provider="searchedKeywords" finished-at="2021-02-18T14:32:04Z">
          <params>
            <param index="0">
              <value>
                <![CDATA[Nikon]]>
              </value>
            </param>
          </params>
          <reporter-output>
          </reporter-output>
        </test-method> <!-- removeItem -->
      </class> <!-- com.wipro.L2POM.testCases.RemoveProductTest -->
    </test> <!-- Default test -->
  </suite> <!-- Default suite -->
</testng-results>
